[2022-11-29 23:02:06,131] INFO [Controller id=0] Processing automatic preferred replica leader election (kafka.controller.KafkaController)
[2022-11-29 23:02:06,133] TRACE [Controller id=0] Checking need to trigger auto leader balancing (kafka.controller.KafkaController)
[2022-11-29 23:02:06,139] DEBUG [Controller id=0] Topics not in preferred replica for broker 0 HashMap() (kafka.controller.KafkaController)
[2022-11-29 23:02:06,139] TRACE [Controller id=0] Leader imbalance ratio for broker 0 is 0.0 (kafka.controller.KafkaController)
[2022-11-29 23:07:06,139] INFO [Controller id=0] Processing automatic preferred replica leader election (kafka.controller.KafkaController)
[2022-11-29 23:07:06,140] TRACE [Controller id=0] Checking need to trigger auto leader balancing (kafka.controller.KafkaController)
[2022-11-29 23:07:06,141] DEBUG [Controller id=0] Topics not in preferred replica for broker 0 HashMap() (kafka.controller.KafkaController)
[2022-11-29 23:07:06,141] TRACE [Controller id=0] Leader imbalance ratio for broker 0 is 0.0 (kafka.controller.KafkaController)
[2022-11-29 23:12:06,142] INFO [Controller id=0] Processing automatic preferred replica leader election (kafka.controller.KafkaController)
[2022-11-29 23:12:06,142] TRACE [Controller id=0] Checking need to trigger auto leader balancing (kafka.controller.KafkaController)
[2022-11-29 23:12:06,143] DEBUG [Controller id=0] Topics not in preferred replica for broker 0 HashMap() (kafka.controller.KafkaController)
[2022-11-29 23:12:06,143] TRACE [Controller id=0] Leader imbalance ratio for broker 0 is 0.0 (kafka.controller.KafkaController)
[2022-11-29 23:15:13,954] INFO [Controller id=0] New topics: [HashSet(df_aggregated)], deleted topics: [HashSet()], new partition replica assignment [Set(TopicIdReplicaAssignment(df_aggregated,Some(gHkd_EW6Rsqdqi8YKzf5pA),Map(df_aggregated-0 -> ReplicaAssignment(replicas=0, addingReplicas=, removingReplicas=))))] (kafka.controller.KafkaController)
[2022-11-29 23:15:13,954] INFO [Controller id=0] New partition creation callback for df_aggregated-0 (kafka.controller.KafkaController)
[2022-11-29 23:15:14,002] INFO [RequestSendThread controllerId=0] Controller 0 connected to bradipo-Laptop:9092 (id: 0 rack: null) for sending state change requests (kafka.controller.RequestSendThread)
[2022-11-29 23:17:06,147] INFO [Controller id=0] Processing automatic preferred replica leader election (kafka.controller.KafkaController)
[2022-11-29 23:17:06,165] TRACE [Controller id=0] Checking need to trigger auto leader balancing (kafka.controller.KafkaController)
[2022-11-29 23:17:06,167] DEBUG [Controller id=0] Topics not in preferred replica for broker 0 HashMap() (kafka.controller.KafkaController)
[2022-11-29 23:17:06,168] TRACE [Controller id=0] Leader imbalance ratio for broker 0 is 0.0 (kafka.controller.KafkaController)
[2022-11-29 23:22:06,168] INFO [Controller id=0] Processing automatic preferred replica leader election (kafka.controller.KafkaController)
[2022-11-29 23:22:06,169] TRACE [Controller id=0] Checking need to trigger auto leader balancing (kafka.controller.KafkaController)
[2022-11-29 23:22:06,170] DEBUG [Controller id=0] Topics not in preferred replica for broker 0 HashMap() (kafka.controller.KafkaController)
[2022-11-29 23:22:06,171] TRACE [Controller id=0] Leader imbalance ratio for broker 0 is 0.0 (kafka.controller.KafkaController)
